<?xml version="1.0" encoding="UTF-8"?>
<!-- Generated by org.testng.reporters.JUnitReportReporter -->
<testsuite hostname="DESKTOP-A8AOGG1" failures="0" tests="3" name="LibraryAPITest.LibraryAPITestCase" time="2.552" errors="0" timestamp="2024-08-10T16:13:55 IST" skipped="0">
  <testcase classname="LibraryAPITest.LibraryAPITestCase" name="addBook" time="0.143"/>
  <system-out/>
  <testcase classname="LibraryAPITest.LibraryAPITestCase" name="addBook" time="0.137"/>
  <system-out/>
  <testcase classname="LibraryAPITest.LibraryAPITestCase" name="addBook" time="2.272"/>
  <system-out/>
</testsuite> <!-- LibraryAPITest.LibraryAPITestCase -->
