<?xml version="1.0" encoding="UTF-8"?>
<!-- Generated by org.testng.reporters.JUnitReportReporter -->
<testsuite hostname="DESKTOP-A8AOGG1" failures="0" tests="1" name="LibraryAPITest.DynamicJSON" time="2.486" errors="0" timestamp="2024-08-10T14:59:19 IST" skipped="0">
  <testcase classname="LibraryAPITest.DynamicJSON" name="addBook" time="2.486"/>
  <system-out/>
</testsuite> <!-- LibraryAPITest.DynamicJSON -->
